<?xml version="1.0" encoding="UTF-8"?>
<!-- Generated by org.testng.reporters.JUnitReportReporter -->
<testsuite hostname="Heller-ROG-xFlow" failures="1" tests="1" name="CucumberOptions.TestNGTestRunner" time="6.425" errors="0" timestamp="2024-01-26T00:17:30 IST" skipped="0">
  <testcase classname="CucumberOptions.TestNGTestRunner" name="runScenario" time="6.425">
    <failure message="expected [Tomato] but found [Brocolli]" type="java.lang.AssertionError">
      <![CDATA[java.lang.AssertionError: expected [Tomato] but found [Brocolli]
at org.testng.Assert.fail(Assert.java:111)
at org.testng.Assert.failNotEquals(Assert.java:1578)
at org.testng.Assert.assertEqualsImpl(Assert.java:150)
at org.testng.Assert.assertEquals(Assert.java:132)
at org.testng.Assert.assertEquals(Assert.java:656)
at org.testng.Assert.assertEquals(Assert.java:666)
at stepDefinition.GreenKartStepDefinition.i_validate_that_top_deals_and_offers_page_shows_same_result(GreenKartStepDefinition.java:58)
at âœ½.I validate that Top Deals and offers page shows same result(file:///C:/Users/hkkas/eclipse-workspace/CucumberFramework/src/test/java/FeatureFiles/searchProject.feature:8)
]]>
    </failure>
  </testcase> <!-- runScenario -->
</testsuite> <!-- CucumberOptions.TestNGTestRunner -->
